\BOOKMARK [0][-]{chapter.1}{\376\377\0001\000\040\000C\000l\000a\000s\000s\000\040\000I\000n\000d\000e\000x}{}% 1
\BOOKMARK [1][-]{section.1.1}{\376\377\0001\000.\0001\000\040\000C\000l\000a\000s\000s\000\040\000L\000i\000s\000t}{chapter.1}% 2
\BOOKMARK [0][-]{chapter.2}{\376\377\0002\000\040\000F\000i\000l\000e\000\040\000I\000n\000d\000e\000x}{}% 3
\BOOKMARK [1][-]{section.2.1}{\376\377\0002\000.\0001\000\040\000F\000i\000l\000e\000\040\000L\000i\000s\000t}{chapter.2}% 4
\BOOKMARK [0][-]{chapter.3}{\376\377\0003\000\040\000C\000l\000a\000s\000s\000\040\000D\000o\000c\000u\000m\000e\000n\000t\000a\000t\000i\000o\000n}{}% 5
\BOOKMARK [1][-]{section.3.1}{\376\377\0003\000.\0001\000\040\000A\000A\000B\000B\000\040\000S\000t\000r\000u\000c\000t\000\040\000R\000e\000f\000e\000r\000e\000n\000c\000e}{chapter.3}% 6
\BOOKMARK [2][-]{subsection.3.1.1}{\376\377\0003\000.\0001\000.\0001\000\040\000D\000e\000t\000a\000i\000l\000e\000d\000\040\000D\000e\000s\000c\000r\000i\000p\000t\000i\000o\000n}{section.3.1}% 7
\BOOKMARK [2][-]{subsection.3.1.2}{\376\377\0003\000.\0001\000.\0002\000\040\000C\000o\000n\000s\000t\000r\000u\000c\000t\000o\000r\000\040\000\046\000\040\000D\000e\000s\000t\000r\000u\000c\000t\000o\000r\000\040\000D\000o\000c\000u\000m\000e\000n\000t\000a\000t\000i\000o\000n}{section.3.1}% 8
\BOOKMARK [3][-]{subsubsection.3.1.2.1}{\376\377\0003\000.\0001\000.\0002\000.\0001\000\040\000A\000A\000B\000B\000\050\000\051\000\040\000[\0001\000/\0002\000]}{subsection.3.1.2}% 9
\BOOKMARK [3][-]{subsubsection.3.1.2.2}{\376\377\0003\000.\0001\000.\0002\000.\0002\000\040\000A\000A\000B\000B\000\050\000\051\000\040\000[\0002\000/\0002\000]}{subsection.3.1.2}% 10
\BOOKMARK [2][-]{subsection.3.1.3}{\376\377\0003\000.\0001\000.\0003\000\040\000M\000e\000m\000b\000e\000r\000\040\000F\000u\000n\000c\000t\000i\000o\000n\000\040\000D\000o\000c\000u\000m\000e\000n\000t\000a\000t\000i\000o\000n}{section.3.1}% 11
\BOOKMARK [3][-]{subsubsection.3.1.3.1}{\376\377\0003\000.\0001\000.\0003\000.\0001\000\040\000E\000m\000p\000t\000y\000\050\000\051}{subsection.3.1.3}% 12
\BOOKMARK [3][-]{subsubsection.3.1.3.2}{\376\377\0003\000.\0001\000.\0003\000.\0002\000\040\000G\000e\000t\000S\000u\000r\000f\000a\000c\000e\000A\000r\000e\000a\000\050\000\051}{subsection.3.1.3}% 13
\BOOKMARK [3][-]{subsubsection.3.1.3.3}{\376\377\0003\000.\0001\000.\0003\000.\0003\000\040\000I\000n\000t\000e\000r\000s\000e\000c\000t\000s\000R\000a\000y\000\050\000\051}{subsection.3.1.3}% 14
\BOOKMARK [2][-]{subsection.3.1.4}{\376\377\0003\000.\0001\000.\0004\000\040\000M\000e\000m\000b\000e\000r\000\040\000D\000a\000t\000a\000\040\000D\000o\000c\000u\000m\000e\000n\000t\000a\000t\000i\000o\000n}{section.3.1}% 15
\BOOKMARK [3][-]{subsubsection.3.1.4.1}{\376\377\0003\000.\0001\000.\0004\000.\0001\000\040\000m\000a\000x}{subsection.3.1.4}% 16
\BOOKMARK [3][-]{subsubsection.3.1.4.2}{\376\377\0003\000.\0001\000.\0004\000.\0002\000\040\000m\000i\000n}{subsection.3.1.4}% 17
\BOOKMARK [1][-]{section.3.2}{\376\377\0003\000.\0002\000\040\000A\000c\000c\000e\000l\000e\000r\000a\000t\000i\000o\000n\000S\000t\000r\000u\000c\000t\000u\000r\000e\000\040\000C\000l\000a\000s\000s\000\040\000R\000e\000f\000e\000r\000e\000n\000c\000e}{chapter.3}% 18
\BOOKMARK [2][-]{subsection.3.2.1}{\376\377\0003\000.\0002\000.\0001\000\040\000D\000e\000t\000a\000i\000l\000e\000d\000\040\000D\000e\000s\000c\000r\000i\000p\000t\000i\000o\000n}{section.3.2}% 19
\BOOKMARK [2][-]{subsection.3.2.2}{\376\377\0003\000.\0002\000.\0002\000\040\000C\000o\000n\000s\000t\000r\000u\000c\000t\000o\000r\000\040\000\046\000\040\000D\000e\000s\000t\000r\000u\000c\000t\000o\000r\000\040\000D\000o\000c\000u\000m\000e\000n\000t\000a\000t\000i\000o\000n}{section.3.2}% 20
\BOOKMARK [3][-]{subsubsection.3.2.2.1}{\376\377\0003\000.\0002\000.\0002\000.\0001\000\040\000A\000c\000c\000e\000l\000e\000r\000a\000t\000i\000o\000n\000S\000t\000r\000u\000c\000t\000u\000r\000e\000\050\000\051\000\040\000[\0001\000/\0002\000]}{subsection.3.2.2}% 21
\BOOKMARK [3][-]{subsubsection.3.2.2.2}{\376\377\0003\000.\0002\000.\0002\000.\0002\000\040\000A\000c\000c\000e\000l\000e\000r\000a\000t\000i\000o\000n\000S\000t\000r\000u\000c\000t\000u\000r\000e\000\050\000\051\000\040\000[\0002\000/\0002\000]}{subsection.3.2.2}% 22
\BOOKMARK [3][-]{subsubsection.3.2.2.3}{\376\377\0003\000.\0002\000.\0002\000.\0003\000\040\000~\000A\000c\000c\000e\000l\000e\000r\000a\000t\000i\000o\000n\000S\000t\000r\000u\000c\000t\000u\000r\000e\000\050\000\051}{subsection.3.2.2}% 23
\BOOKMARK [2][-]{subsection.3.2.3}{\376\377\0003\000.\0002\000.\0003\000\040\000M\000e\000m\000b\000e\000r\000\040\000F\000u\000n\000c\000t\000i\000o\000n\000\040\000D\000o\000c\000u\000m\000e\000n\000t\000a\000t\000i\000o\000n}{section.3.2}% 24
\BOOKMARK [3][-]{subsubsection.3.2.3.1}{\376\377\0003\000.\0002\000.\0003\000.\0001\000\040\000H\000i\000t\000\050\000\051}{subsection.3.2.3}% 25
\BOOKMARK [3][-]{subsubsection.3.2.3.2}{\376\377\0003\000.\0002\000.\0003\000.\0002\000\040\000U\000p\000d\000a\000t\000e\000\050\000\051}{subsection.3.2.3}% 26
\BOOKMARK [1][-]{section.3.3}{\376\377\0003\000.\0003\000\040\000A\000p\000p\000l\000i\000c\000a\000t\000i\000o\000n\000\040\000C\000l\000a\000s\000s\000\040\000R\000e\000f\000e\000r\000e\000n\000c\000e}{chapter.3}% 27
\BOOKMARK [2][-]{subsection.3.3.1}{\376\377\0003\000.\0003\000.\0001\000\040\000D\000e\000t\000a\000i\000l\000e\000d\000\040\000D\000e\000s\000c\000r\000i\000p\000t\000i\000o\000n}{section.3.3}% 28
\BOOKMARK [2][-]{subsection.3.3.2}{\376\377\0003\000.\0003\000.\0002\000\040\000C\000o\000n\000s\000t\000r\000u\000c\000t\000o\000r\000\040\000\046\000\040\000D\000e\000s\000t\000r\000u\000c\000t\000o\000r\000\040\000D\000o\000c\000u\000m\000e\000n\000t\000a\000t\000i\000o\000n}{section.3.3}% 29
\BOOKMARK [3][-]{subsubsection.3.3.2.1}{\376\377\0003\000.\0003\000.\0002\000.\0001\000\040\000A\000p\000p\000l\000i\000c\000a\000t\000i\000o\000n\000\050\000\051}{subsection.3.3.2}% 30
\BOOKMARK [2][-]{subsection.3.3.3}{\376\377\0003\000.\0003\000.\0003\000\040\000M\000e\000m\000b\000e\000r\000\040\000F\000u\000n\000c\000t\000i\000o\000n\000\040\000D\000o\000c\000u\000m\000e\000n\000t\000a\000t\000i\000o\000n}{section.3.3}% 31
\BOOKMARK [3][-]{subsubsection.3.3.3.1}{\376\377\0003\000.\0003\000.\0003\000.\0001\000\040\000R\000u\000n\000\050\000\051}{subsection.3.3.3}% 32
\BOOKMARK [1][-]{section.3.4}{\376\377\0003\000.\0004\000\040\000B\000S\000D\000F\000\040\000C\000l\000a\000s\000s\000\040\000R\000e\000f\000e\000r\000e\000n\000c\000e}{chapter.3}% 33
\BOOKMARK [2][-]{subsection.3.4.1}{\376\377\0003\000.\0004\000.\0001\000\040\000D\000e\000t\000a\000i\000l\000e\000d\000\040\000D\000e\000s\000c\000r\000i\000p\000t\000i\000o\000n}{section.3.4}% 34
\BOOKMARK [2][-]{subsection.3.4.2}{\376\377\0003\000.\0004\000.\0002\000\040\000C\000o\000n\000s\000t\000r\000u\000c\000t\000o\000r\000\040\000\046\000\040\000D\000e\000s\000t\000r\000u\000c\000t\000o\000r\000\040\000D\000o\000c\000u\000m\000e\000n\000t\000a\000t\000i\000o\000n}{section.3.4}% 35
\BOOKMARK [3][-]{subsubsection.3.4.2.1}{\376\377\0003\000.\0004\000.\0002\000.\0001\000\040\000B\000S\000D\000F\000\050\000\051}{subsection.3.4.2}% 36
\BOOKMARK [2][-]{subsection.3.4.3}{\376\377\0003\000.\0004\000.\0003\000\040\000M\000e\000m\000b\000e\000r\000\040\000F\000u\000n\000c\000t\000i\000o\000n\000\040\000D\000o\000c\000u\000m\000e\000n\000t\000a\000t\000i\000o\000n}{section.3.4}% 37
\BOOKMARK [3][-]{subsubsection.3.4.3.1}{\376\377\0003\000.\0004\000.\0003\000.\0001\000\040\000S\000a\000m\000p\000l\000e\000\050\000\051}{subsection.3.4.3}% 38
\BOOKMARK [1][-]{section.3.5}{\376\377\0003\000.\0005\000\040\000B\000V\000H\000N\000o\000d\000e\000\040\000S\000t\000r\000u\000c\000t\000\040\000R\000e\000f\000e\000r\000e\000n\000c\000e}{chapter.3}% 39
\BOOKMARK [2][-]{subsection.3.5.1}{\376\377\0003\000.\0005\000.\0001\000\040\000D\000e\000t\000a\000i\000l\000e\000d\000\040\000D\000e\000s\000c\000r\000i\000p\000t\000i\000o\000n}{section.3.5}% 40
\BOOKMARK [2][-]{subsection.3.5.2}{\376\377\0003\000.\0005\000.\0002\000\040\000C\000o\000n\000s\000t\000r\000u\000c\000t\000o\000r\000\040\000\046\000\040\000D\000e\000s\000t\000r\000u\000c\000t\000o\000r\000\040\000D\000o\000c\000u\000m\000e\000n\000t\000a\000t\000i\000o\000n}{section.3.5}% 41
\BOOKMARK [3][-]{subsubsection.3.5.2.1}{\376\377\0003\000.\0005\000.\0002\000.\0001\000\040\000B\000V\000H\000N\000o\000d\000e\000\050\000\051\000\040\000[\0001\000/\0002\000]}{subsection.3.5.2}% 42
\BOOKMARK [3][-]{subsubsection.3.5.2.2}{\376\377\0003\000.\0005\000.\0002\000.\0002\000\040\000B\000V\000H\000N\000o\000d\000e\000\050\000\051\000\040\000[\0002\000/\0002\000]}{subsection.3.5.2}% 43
\BOOKMARK [2][-]{subsection.3.5.3}{\376\377\0003\000.\0005\000.\0003\000\040\000M\000e\000m\000b\000e\000r\000\040\000F\000u\000n\000c\000t\000i\000o\000n\000\040\000D\000o\000c\000u\000m\000e\000n\000t\000a\000t\000i\000o\000n}{section.3.5}% 44
\BOOKMARK [3][-]{subsubsection.3.5.3.1}{\376\377\0003\000.\0005\000.\0003\000.\0001\000\040\000F\000r\000e\000e\000M\000e\000m\000o\000r\000y\000\050\000\051}{subsection.3.5.3}% 45
\BOOKMARK [3][-]{subsubsection.3.5.3.2}{\376\377\0003\000.\0005\000.\0003\000.\0002\000\040\000H\000i\000t\000\050\000\051}{subsection.3.5.3}% 46
\BOOKMARK [3][-]{subsubsection.3.5.3.3}{\376\377\0003\000.\0005\000.\0003\000.\0003\000\040\000I\000s\000T\000e\000r\000m\000i\000n\000a\000t\000i\000n\000g\000\050\000\051}{subsection.3.5.3}% 47
\BOOKMARK [3][-]{subsubsection.3.5.3.4}{\376\377\0003\000.\0005\000.\0003\000.\0004\000\040\000M\000a\000k\000e\000H\000i\000e\000r\000a\000r\000c\000h\000y\000N\000a\000i\000v\000e\000\050\000\051}{subsection.3.5.3}% 48
\BOOKMARK [3][-]{subsubsection.3.5.3.5}{\376\377\0003\000.\0005\000.\0003\000.\0005\000\040\000M\000a\000k\000e\000H\000i\000e\000r\000a\000r\000c\000h\000y\000S\000A\000H\000\050\000\051}{subsection.3.5.3}% 49
\BOOKMARK [2][-]{subsection.3.5.4}{\376\377\0003\000.\0005\000.\0004\000\040\000M\000e\000m\000b\000e\000r\000\040\000D\000a\000t\000a\000\040\000D\000o\000c\000u\000m\000e\000n\000t\000a\000t\000i\000o\000n}{section.3.5}% 50
\BOOKMARK [3][-]{subsubsection.3.5.4.1}{\376\377\0003\000.\0005\000.\0004\000.\0001\000\040\000a\000a\000b\000b}{subsection.3.5.4}% 51
\BOOKMARK [3][-]{subsubsection.3.5.4.2}{\376\377\0003\000.\0005\000.\0004\000.\0002\000\040\000c\000\137\000C\000o\000m\000p\000a\000r\000a\000t\000o\000r\000s\000N\000a\000i\000v\000e}{subsection.3.5.4}% 52
\BOOKMARK [3][-]{subsubsection.3.5.4.3}{\376\377\0003\000.\0005\000.\0004\000.\0003\000\040\000c\000\137\000C\000o\000m\000p\000a\000r\000a\000t\000o\000r\000s\000S\000A\000H}{subsection.3.5.4}% 53
\BOOKMARK [3][-]{subsubsection.3.5.4.4}{\376\377\0003\000.\0005\000.\0004\000.\0004\000\040\000l\000e\000f\000t}{subsection.3.5.4}% 54
\BOOKMARK [3][-]{subsubsection.3.5.4.5}{\376\377\0003\000.\0005\000.\0004\000.\0005\000\040\000o\000b\000j\000e\000c\000t}{subsection.3.5.4}% 55
\BOOKMARK [3][-]{subsubsection.3.5.4.6}{\376\377\0003\000.\0005\000.\0004\000.\0006\000\040\000r\000i\000g\000h\000t}{subsection.3.5.4}% 56
\BOOKMARK [1][-]{section.3.6}{\376\377\0003\000.\0006\000\040\000C\000a\000m\000e\000r\000a\000\040\000C\000l\000a\000s\000s\000\040\000R\000e\000f\000e\000r\000e\000n\000c\000e}{chapter.3}% 57
\BOOKMARK [2][-]{subsection.3.6.1}{\376\377\0003\000.\0006\000.\0001\000\040\000D\000e\000t\000a\000i\000l\000e\000d\000\040\000D\000e\000s\000c\000r\000i\000p\000t\000i\000o\000n}{section.3.6}% 58
\BOOKMARK [2][-]{subsection.3.6.2}{\376\377\0003\000.\0006\000.\0002\000\040\000C\000o\000n\000s\000t\000r\000u\000c\000t\000o\000r\000\040\000\046\000\040\000D\000e\000s\000t\000r\000u\000c\000t\000o\000r\000\040\000D\000o\000c\000u\000m\000e\000n\000t\000a\000t\000i\000o\000n}{section.3.6}% 59
\BOOKMARK [3][-]{subsubsection.3.6.2.1}{\376\377\0003\000.\0006\000.\0002\000.\0001\000\040\000C\000a\000m\000e\000r\000a\000\050\000\051}{subsection.3.6.2}% 60
\BOOKMARK [2][-]{subsection.3.6.3}{\376\377\0003\000.\0006\000.\0003\000\040\000M\000e\000m\000b\000e\000r\000\040\000F\000u\000n\000c\000t\000i\000o\000n\000\040\000D\000o\000c\000u\000m\000e\000n\000t\000a\000t\000i\000o\000n}{section.3.6}% 61
\BOOKMARK [3][-]{subsubsection.3.6.3.1}{\376\377\0003\000.\0006\000.\0003\000.\0001\000\040\000C\000o\000m\000p\000u\000t\000e\000R\000a\000y\000D\000i\000r\000e\000c\000t\000i\000o\000n\000s\000\050\000\051}{subsection.3.6.3}% 62
\BOOKMARK [3][-]{subsubsection.3.6.3.2}{\376\377\0003\000.\0006\000.\0003\000.\0002\000\040\000G\000e\000t\000P\000o\000s\000i\000t\000i\000o\000n\000\050\000\051}{subsection.3.6.3}% 63
\BOOKMARK [3][-]{subsubsection.3.6.3.3}{\376\377\0003\000.\0006\000.\0003\000.\0003\000\040\000G\000e\000t\000R\000a\000y\000D\000i\000r\000e\000c\000t\000i\000o\000n\000s\000\050\000\051}{subsection.3.6.3}% 64
\BOOKMARK [3][-]{subsubsection.3.6.3.4}{\376\377\0003\000.\0006\000.\0003\000.\0004\000\040\000G\000e\000t\000T\000a\000r\000g\000e\000t\000\050\000\051}{subsection.3.6.3}% 65
\BOOKMARK [3][-]{subsubsection.3.6.3.5}{\376\377\0003\000.\0006\000.\0003\000.\0005\000\040\000G\000e\000t\000U\000p\000\050\000\051}{subsection.3.6.3}% 66
\BOOKMARK [3][-]{subsubsection.3.6.3.6}{\376\377\0003\000.\0006\000.\0003\000.\0006\000\040\000G\000e\000t\000V\000e\000r\000t\000i\000c\000a\000l\000F\000o\000v\000I\000n\000D\000e\000g\000r\000e\000e\000s\000\050\000\051}{subsection.3.6.3}% 67
\BOOKMARK [3][-]{subsubsection.3.6.3.7}{\376\377\0003\000.\0006\000.\0003\000.\0007\000\040\000O\000n\000V\000i\000e\000w\000p\000o\000r\000t\000R\000e\000s\000i\000z\000e\000\050\000\051}{subsection.3.6.3}% 68
\BOOKMARK [3][-]{subsubsection.3.6.3.8}{\376\377\0003\000.\0006\000.\0003\000.\0008\000\040\000P\000o\000s\000i\000t\000i\000o\000n\000\050\000\051}{subsection.3.6.3}% 69
\BOOKMARK [3][-]{subsubsection.3.6.3.9}{\376\377\0003\000.\0006\000.\0003\000.\0009\000\040\000T\000a\000r\000g\000e\000t\000\050\000\051}{subsection.3.6.3}% 70
\BOOKMARK [3][-]{subsubsection.3.6.3.10}{\376\377\0003\000.\0006\000.\0003\000.\0001\0000\000\040\000U\000p\000\050\000\051}{subsection.3.6.3}% 71
\BOOKMARK [3][-]{subsubsection.3.6.3.11}{\376\377\0003\000.\0006\000.\0003\000.\0001\0001\000\040\000V\000e\000r\000t\000i\000c\000a\000l\000F\000o\000v\000I\000n\000D\000e\000g\000r\000e\000e\000s\000\050\000\051}{subsection.3.6.3}% 72
\BOOKMARK [1][-]{section.3.7}{\376\377\0003\000.\0007\000\040\000H\000i\000t\000P\000a\000y\000l\000o\000a\000d\000\040\000S\000t\000r\000u\000c\000t\000\040\000R\000e\000f\000e\000r\000e\000n\000c\000e}{chapter.3}% 73
\BOOKMARK [2][-]{subsection.3.7.1}{\376\377\0003\000.\0007\000.\0001\000\040\000D\000e\000t\000a\000i\000l\000e\000d\000\040\000D\000e\000s\000c\000r\000i\000p\000t\000i\000o\000n}{section.3.7}% 74
\BOOKMARK [2][-]{subsection.3.7.2}{\376\377\0003\000.\0007\000.\0002\000\040\000M\000e\000m\000b\000e\000r\000\040\000D\000a\000t\000a\000\040\000D\000o\000c\000u\000m\000e\000n\000t\000a\000t\000i\000o\000n}{section.3.7}% 75
\BOOKMARK [3][-]{subsubsection.3.7.2.1}{\376\377\0003\000.\0007\000.\0002\000.\0001\000\040\000m\000a\000t\000e\000r\000i\000a\000l}{subsection.3.7.2}% 76
\BOOKMARK [3][-]{subsubsection.3.7.2.2}{\376\377\0003\000.\0007\000.\0002\000.\0002\000\040\000n\000o\000r\000m\000a\000l}{subsection.3.7.2}% 77
\BOOKMARK [3][-]{subsubsection.3.7.2.3}{\376\377\0003\000.\0007\000.\0002\000.\0003\000\040\000t}{subsection.3.7.2}% 78
\BOOKMARK [1][-]{section.3.8}{\376\377\0003\000.\0008\000\040\000I\000m\000a\000g\000e\000\040\000C\000l\000a\000s\000s\000\040\000R\000e\000f\000e\000r\000e\000n\000c\000e}{chapter.3}% 79
\BOOKMARK [2][-]{subsection.3.8.1}{\376\377\0003\000.\0008\000.\0001\000\040\000D\000e\000t\000a\000i\000l\000e\000d\000\040\000D\000e\000s\000c\000r\000i\000p\000t\000i\000o\000n}{section.3.8}% 80
\BOOKMARK [2][-]{subsection.3.8.2}{\376\377\0003\000.\0008\000.\0002\000\040\000C\000o\000n\000s\000t\000r\000u\000c\000t\000o\000r\000\040\000\046\000\040\000D\000e\000s\000t\000r\000u\000c\000t\000o\000r\000\040\000D\000o\000c\000u\000m\000e\000n\000t\000a\000t\000i\000o\000n}{section.3.8}% 81
\BOOKMARK [3][-]{subsubsection.3.8.2.1}{\376\377\0003\000.\0008\000.\0002\000.\0001\000\040\000I\000m\000a\000g\000e\000\050\000\051}{subsection.3.8.2}% 82
\BOOKMARK [3][-]{subsubsection.3.8.2.2}{\376\377\0003\000.\0008\000.\0002\000.\0002\000\040\000~\000I\000m\000a\000g\000e\000\050\000\051}{subsection.3.8.2}% 83
\BOOKMARK [2][-]{subsection.3.8.3}{\376\377\0003\000.\0008\000.\0003\000\040\000M\000e\000m\000b\000e\000r\000\040\000F\000u\000n\000c\000t\000i\000o\000n\000\040\000D\000o\000c\000u\000m\000e\000n\000t\000a\000t\000i\000o\000n}{section.3.8}% 84
\BOOKMARK [3][-]{subsubsection.3.8.3.1}{\376\377\0003\000.\0008\000.\0003\000.\0001\000\040\000G\000e\000t\000D\000e\000s\000c\000r\000i\000p\000t\000o\000r\000\050\000\051}{subsection.3.8.3}% 85
\BOOKMARK [3][-]{subsubsection.3.8.3.2}{\376\377\0003\000.\0008\000.\0003\000.\0002\000\040\000U\000p\000d\000a\000t\000e\000D\000a\000t\000a\000\050\000\051}{subsection.3.8.3}% 86
\BOOKMARK [1][-]{section.3.9}{\376\377\0003\000.\0009\000\040\000L\000i\000g\000h\000t\000\040\000C\000l\000a\000s\000s\000\040\000R\000e\000f\000e\000r\000e\000n\000c\000e}{chapter.3}% 87
\BOOKMARK [2][-]{subsection.3.9.1}{\376\377\0003\000.\0009\000.\0001\000\040\000D\000e\000t\000a\000i\000l\000e\000d\000\040\000D\000e\000s\000c\000r\000i\000p\000t\000i\000o\000n}{section.3.9}% 88
\BOOKMARK [2][-]{subsection.3.9.2}{\376\377\0003\000.\0009\000.\0002\000\040\000C\000o\000n\000s\000t\000r\000u\000c\000t\000o\000r\000\040\000\046\000\040\000D\000e\000s\000t\000r\000u\000c\000t\000o\000r\000\040\000D\000o\000c\000u\000m\000e\000n\000t\000a\000t\000i\000o\000n}{section.3.9}% 89
\BOOKMARK [3][-]{subsubsection.3.9.2.1}{\376\377\0003\000.\0009\000.\0002\000.\0001\000\040\000L\000i\000g\000h\000t\000\050\000\051}{subsection.3.9.2}% 90
\BOOKMARK [2][-]{subsection.3.9.3}{\376\377\0003\000.\0009\000.\0003\000\040\000M\000e\000m\000b\000e\000r\000\040\000F\000u\000n\000c\000t\000i\000o\000n\000\040\000D\000o\000c\000u\000m\000e\000n\000t\000a\000t\000i\000o\000n}{section.3.9}% 91
\BOOKMARK [3][-]{subsubsection.3.9.3.1}{\376\377\0003\000.\0009\000.\0003\000.\0001\000\040\000G\000e\000t\000O\000b\000j\000e\000c\000t\000\050\000\051}{subsection.3.9.3}% 92
\BOOKMARK [3][-]{subsubsection.3.9.3.2}{\376\377\0003\000.\0009\000.\0003\000.\0002\000\040\000S\000a\000m\000p\000l\000e\000\050\000\051}{subsection.3.9.3}% 93
\BOOKMARK [1][-]{section.3.10}{\376\377\0003\000.\0001\0000\000\040\000M\000a\000t\000e\000r\000i\000a\000l\000\040\000S\000t\000r\000u\000c\000t\000\040\000R\000e\000f\000e\000r\000e\000n\000c\000e}{chapter.3}% 94
\BOOKMARK [2][-]{subsection.3.10.1}{\376\377\0003\000.\0001\0000\000.\0001\000\040\000D\000e\000t\000a\000i\000l\000e\000d\000\040\000D\000e\000s\000c\000r\000i\000p\000t\000i\000o\000n}{section.3.10}% 95
\BOOKMARK [2][-]{subsection.3.10.2}{\376\377\0003\000.\0001\0000\000.\0002\000\040\000M\000e\000m\000b\000e\000r\000\040\000F\000u\000n\000c\000t\000i\000o\000n\000\040\000D\000o\000c\000u\000m\000e\000n\000t\000a\000t\000i\000o\000n}{section.3.10}% 96
\BOOKMARK [3][-]{subsubsection.3.10.2.1}{\376\377\0003\000.\0001\0000\000.\0002\000.\0001\000\040\000G\000e\000t\000E\000m\000i\000s\000s\000i\000o\000n\000\050\000\051}{subsection.3.10.2}% 97
\BOOKMARK [2][-]{subsection.3.10.3}{\376\377\0003\000.\0001\0000\000.\0003\000\040\000M\000e\000m\000b\000e\000r\000\040\000D\000a\000t\000a\000\040\000D\000o\000c\000u\000m\000e\000n\000t\000a\000t\000i\000o\000n}{section.3.10}% 98
\BOOKMARK [3][-]{subsubsection.3.10.3.1}{\376\377\0003\000.\0001\0000\000.\0003\000.\0001\000\040\000a\000l\000b\000e\000d\000o}{subsection.3.10.3}% 99
\BOOKMARK [3][-]{subsubsection.3.10.3.2}{\376\377\0003\000.\0001\0000\000.\0003\000.\0002\000\040\000e\000m\000i\000s\000s\000i\000o\000n\000P\000o\000w\000e\000r}{subsection.3.10.3}% 100
\BOOKMARK [3][-]{subsubsection.3.10.3.3}{\376\377\0003\000.\0001\0000\000.\0003\000.\0003\000\040\000i\000n\000d\000e\000x}{subsection.3.10.3}% 101
\BOOKMARK [3][-]{subsubsection.3.10.3.4}{\376\377\0003\000.\0001\0000\000.\0003\000.\0004\000\040\000m\000e\000t\000a\000l\000l\000i\000c}{subsection.3.10.3}% 102
\BOOKMARK [3][-]{subsubsection.3.10.3.5}{\376\377\0003\000.\0001\0000\000.\0003\000.\0005\000\040\000r\000o\000u\000g\000h\000n\000e\000s\000s}{subsection.3.10.3}% 103
\BOOKMARK [3][-]{subsubsection.3.10.3.6}{\376\377\0003\000.\0001\0000\000.\0003\000.\0006\000\040\000s\000p\000e\000c\000u\000l\000a\000r}{subsection.3.10.3}% 104
\BOOKMARK [1][-]{section.3.11}{\376\377\0003\000.\0001\0001\000\040\000R\000a\000y\000\040\000S\000t\000r\000u\000c\000t\000\040\000R\000e\000f\000e\000r\000e\000n\000c\000e}{chapter.3}% 105
\BOOKMARK [2][-]{subsection.3.11.1}{\376\377\0003\000.\0001\0001\000.\0001\000\040\000D\000e\000t\000a\000i\000l\000e\000d\000\040\000D\000e\000s\000c\000r\000i\000p\000t\000i\000o\000n}{section.3.11}% 106
\BOOKMARK [2][-]{subsection.3.11.2}{\376\377\0003\000.\0001\0001\000.\0002\000\040\000M\000e\000m\000b\000e\000r\000\040\000D\000a\000t\000a\000\040\000D\000o\000c\000u\000m\000e\000n\000t\000a\000t\000i\000o\000n}{section.3.11}% 107
\BOOKMARK [3][-]{subsubsection.3.11.2.1}{\376\377\0003\000.\0001\0001\000.\0002\000.\0001\000\040\000d\000i\000r\000e\000c\000t\000i\000o\000n}{subsection.3.11.2}% 108
\BOOKMARK [3][-]{subsubsection.3.11.2.2}{\376\377\0003\000.\0001\0001\000.\0002\000.\0002\000\040\000o\000r\000i\000g\000i\000n}{subsection.3.11.2}% 109
\BOOKMARK [1][-]{section.3.12}{\376\377\0003\000.\0001\0002\000\040\000R\000e\000n\000d\000e\000r\000e\000r\000\040\000C\000l\000a\000s\000s\000\040\000R\000e\000f\000e\000r\000e\000n\000c\000e}{chapter.3}% 110
\BOOKMARK [2][-]{subsection.3.12.1}{\376\377\0003\000.\0001\0002\000.\0001\000\040\000D\000e\000t\000a\000i\000l\000e\000d\000\040\000D\000e\000s\000c\000r\000i\000p\000t\000i\000o\000n}{section.3.12}% 111
\BOOKMARK [2][-]{subsection.3.12.2}{\376\377\0003\000.\0001\0002\000.\0002\000\040\000M\000e\000m\000b\000e\000r\000\040\000T\000y\000p\000e\000d\000e\000f\000\040\000D\000o\000c\000u\000m\000e\000n\000t\000a\000t\000i\000o\000n}{section.3.12}% 112
\BOOKMARK [3][-]{subsubsection.3.12.2.1}{\376\377\0003\000.\0001\0002\000.\0002\000.\0001\000\040\000t\000y\000p\000\137\000t}{subsection.3.12.2}% 113
\BOOKMARK [2][-]{subsection.3.12.3}{\376\377\0003\000.\0001\0002\000.\0003\000\040\000C\000o\000n\000s\000t\000r\000u\000c\000t\000o\000r\000\040\000\046\000\040\000D\000e\000s\000t\000r\000u\000c\000t\000o\000r\000\040\000D\000o\000c\000u\000m\000e\000n\000t\000a\000t\000i\000o\000n}{section.3.12}% 114
\BOOKMARK [3][-]{subsubsection.3.12.3.1}{\376\377\0003\000.\0001\0002\000.\0003\000.\0001\000\040\000R\000e\000n\000d\000e\000r\000e\000r\000\050\000\051}{subsection.3.12.3}% 115
\BOOKMARK [3][-]{subsubsection.3.12.3.2}{\376\377\0003\000.\0001\0002\000.\0003\000.\0002\000\040\000~\000R\000e\000n\000d\000e\000r\000e\000r\000\050\000\051}{subsection.3.12.3}% 116
\BOOKMARK [2][-]{subsection.3.12.4}{\376\377\0003\000.\0001\0002\000.\0004\000\040\000M\000e\000m\000b\000e\000r\000\040\000F\000u\000n\000c\000t\000i\000o\000n\000\040\000D\000o\000c\000u\000m\000e\000n\000t\000a\000t\000i\000o\000n}{section.3.12}% 117
\BOOKMARK [3][-]{subsubsection.3.12.4.1}{\376\377\0003\000.\0001\0002\000.\0004\000.\0001\000\040\000A\000c\000c\000e\000l\000e\000r\000a\000t\000e\000\050\000\051}{subsection.3.12.4}% 118
\BOOKMARK [3][-]{subsubsection.3.12.4.2}{\376\377\0003\000.\0001\0002\000.\0004\000.\0002\000\040\000A\000c\000c\000u\000m\000u\000l\000a\000t\000e\000\050\000\051}{subsection.3.12.4}% 119
\BOOKMARK [3][-]{subsubsection.3.12.4.3}{\376\377\0003\000.\0001\0002\000.\0004\000.\0003\000\040\000G\000a\000m\000m\000a\000\050\000\051}{subsection.3.12.4}% 120
\BOOKMARK [3][-]{subsubsection.3.12.4.4}{\376\377\0003\000.\0001\0002\000.\0004\000.\0004\000\040\000G\000e\000t\000A\000v\000a\000i\000l\000a\000b\000l\000e\000T\000h\000r\000e\000a\000d\000C\000o\000u\000n\000t\000\050\000\051}{subsection.3.12.4}% 121
\BOOKMARK [3][-]{subsubsection.3.12.4.5}{\376\377\0003\000.\0001\0002\000.\0004\000.\0005\000\040\000G\000e\000t\000F\000r\000a\000m\000e\000I\000n\000d\000e\000x\000\050\000\051}{subsection.3.12.4}% 122
\BOOKMARK [3][-]{subsubsection.3.12.4.6}{\376\377\0003\000.\0001\0002\000.\0004\000.\0006\000\040\000G\000e\000t\000I\000m\000a\000g\000e\000\050\000\051}{subsection.3.12.4}% 123
\BOOKMARK [3][-]{subsubsection.3.12.4.7}{\376\377\0003\000.\0001\0002\000.\0004\000.\0007\000\040\000G\000e\000t\000U\000s\000e\000d\000T\000h\000r\000e\000a\000d\000C\000o\000u\000n\000t\000\050\000\051}{subsection.3.12.4}% 124
\BOOKMARK [3][-]{subsubsection.3.12.4.8}{\376\377\0003\000.\0001\0002\000.\0004\000.\0008\000\040\000O\000n\000R\000a\000y\000M\000i\000s\000s\000\050\000\051}{subsection.3.12.4}% 125
\BOOKMARK [3][-]{subsubsection.3.12.4.9}{\376\377\0003\000.\0001\0002\000.\0004\000.\0009\000\040\000O\000n\000R\000e\000s\000i\000z\000e\000\050\000\051}{subsection.3.12.4}% 126
\BOOKMARK [3][-]{subsubsection.3.12.4.10}{\376\377\0003\000.\0001\0002\000.\0004\000.\0001\0000\000\040\000R\000a\000y\000D\000e\000p\000t\000h\000\050\000\051}{subsection.3.12.4}% 127
\BOOKMARK [3][-]{subsubsection.3.12.4.11}{\376\377\0003\000.\0001\0002\000.\0004\000.\0001\0001\000\040\000R\000e\000n\000d\000e\000r\000\050\000\051\000\040\000[\0001\000/\0002\000]}{subsection.3.12.4}% 128
\BOOKMARK [3][-]{subsubsection.3.12.4.12}{\376\377\0003\000.\0001\0002\000.\0004\000.\0001\0002\000\040\000R\000e\000n\000d\000e\000r\000\050\000\051\000\040\000[\0002\000/\0002\000]}{subsection.3.12.4}% 129
\BOOKMARK [3][-]{subsubsection.3.12.4.13}{\376\377\0003\000.\0001\0002\000.\0004\000.\0001\0003\000\040\000S\000a\000v\000e\000I\000m\000a\000g\000e\000\050\000\051}{subsection.3.12.4}% 130
\BOOKMARK [3][-]{subsubsection.3.12.4.14}{\376\377\0003\000.\0001\0002\000.\0004\000.\0001\0004\000\040\000S\000e\000t\000U\000s\000e\000d\000T\000h\000r\000e\000a\000d\000C\000o\000u\000n\000t\000\050\000\051}{subsection.3.12.4}% 131
\BOOKMARK [3][-]{subsubsection.3.12.4.15}{\376\377\0003\000.\0001\0002\000.\0004\000.\0001\0005\000\040\000U\000s\000e\000d\000T\000h\000r\000e\000a\000d\000C\000o\000u\000n\000t\000\050\000\051}{subsection.3.12.4}% 132
\BOOKMARK [1][-]{section.3.13}{\376\377\0003\000.\0001\0003\000\040\000S\000c\000e\000n\000e\000\040\000S\000t\000r\000u\000c\000t\000\040\000R\000e\000f\000e\000r\000e\000n\000c\000e}{chapter.3}% 133
\BOOKMARK [2][-]{subsection.3.13.1}{\376\377\0003\000.\0001\0003\000.\0001\000\040\000D\000e\000t\000a\000i\000l\000e\000d\000\040\000D\000e\000s\000c\000r\000i\000p\000t\000i\000o\000n}{section.3.13}% 134
\BOOKMARK [2][-]{subsection.3.13.2}{\376\377\0003\000.\0001\0003\000.\0002\000\040\000M\000e\000m\000b\000e\000r\000\040\000F\000u\000n\000c\000t\000i\000o\000n\000\040\000D\000o\000c\000u\000m\000e\000n\000t\000a\000t\000i\000o\000n}{section.3.13}% 135
\BOOKMARK [3][-]{subsubsection.3.13.2.1}{\376\377\0003\000.\0001\0003\000.\0002\000.\0001\000\040\000D\000e\000s\000e\000r\000i\000a\000l\000i\000z\000e\000\050\000\051}{subsection.3.13.2}% 136
\BOOKMARK [3][-]{subsubsection.3.13.2.2}{\376\377\0003\000.\0001\0003\000.\0002\000.\0002\000\040\000S\000e\000r\000i\000a\000l\000i\000z\000e\000\050\000\051}{subsection.3.13.2}% 137
\BOOKMARK [2][-]{subsection.3.13.3}{\376\377\0003\000.\0001\0003\000.\0003\000\040\000M\000e\000m\000b\000e\000r\000\040\000D\000a\000t\000a\000\040\000D\000o\000c\000u\000m\000e\000n\000t\000a\000t\000i\000o\000n}{section.3.13}% 138
\BOOKMARK [3][-]{subsubsection.3.13.3.1}{\376\377\0003\000.\0001\0003\000.\0003\000.\0001\000\040\000b\000o\000x\000e\000s}{subsection.3.13.3}% 139
\BOOKMARK [3][-]{subsubsection.3.13.3.2}{\376\377\0003\000.\0001\0003\000.\0003\000.\0002\000\040\000c\000a\000m\000e\000r\000a}{subsection.3.13.3}% 140
\BOOKMARK [3][-]{subsubsection.3.13.3.3}{\376\377\0003\000.\0001\0003\000.\0003\000.\0003\000\040\000m\000a\000t\000e\000r\000i\000a\000l\000s}{subsection.3.13.3}% 141
\BOOKMARK [3][-]{subsubsection.3.13.3.4}{\376\377\0003\000.\0001\0003\000.\0003\000.\0004\000\040\000m\000o\000d\000e\000l\000s}{subsection.3.13.3}% 142
\BOOKMARK [3][-]{subsubsection.3.13.3.5}{\376\377\0003\000.\0001\0003\000.\0003\000.\0005\000\040\000s\000p\000h\000e\000r\000e\000s}{subsection.3.13.3}% 143
\BOOKMARK [3][-]{subsubsection.3.13.3.6}{\376\377\0003\000.\0001\0003\000.\0003\000.\0006\000\040\000t\000r\000i\000a\000n\000g\000l\000e\000s}{subsection.3.13.3}% 144
\BOOKMARK [1][-]{section.3.14}{\376\377\0003\000.\0001\0004\000\040\000T\000i\000m\000e\000r\000\040\000C\000l\000a\000s\000s\000\040\000R\000e\000f\000e\000r\000e\000n\000c\000e}{chapter.3}% 145
\BOOKMARK [2][-]{subsection.3.14.1}{\376\377\0003\000.\0001\0004\000.\0001\000\040\000D\000e\000t\000a\000i\000l\000e\000d\000\040\000D\000e\000s\000c\000r\000i\000p\000t\000i\000o\000n}{section.3.14}% 146
\BOOKMARK [2][-]{subsection.3.14.2}{\376\377\0003\000.\0001\0004\000.\0002\000\040\000M\000e\000m\000b\000e\000r\000\040\000F\000u\000n\000c\000t\000i\000o\000n\000\040\000D\000o\000c\000u\000m\000e\000n\000t\000a\000t\000i\000o\000n}{section.3.14}% 147
\BOOKMARK [3][-]{subsubsection.3.14.2.1}{\376\377\0003\000.\0001\0004\000.\0002\000.\0001\000\040\000M\000e\000a\000s\000u\000r\000e\000I\000n\000M\000i\000l\000l\000i\000s\000\050\000\051}{subsection.3.14.2}% 148
\BOOKMARK [0][-]{chapter.4}{\376\377\0004\000\040\000F\000i\000l\000e\000\040\000D\000o\000c\000u\000m\000e\000n\000t\000a\000t\000i\000o\000n}{}% 149
\BOOKMARK [1][-]{section.4.1}{\376\377\0004\000.\0001\000\040\000A\000A\000B\000B\000.\000h}{chapter.4}% 150
\BOOKMARK [1][-]{section.4.2}{\376\377\0004\000.\0002\000\040\000A\000c\000c\000e\000l\000e\000r\000a\000t\000i\000o\000n\000S\000t\000r\000u\000c\000t\000u\000r\000e\000.\000c\000p\000p}{chapter.4}% 151
\BOOKMARK [1][-]{section.4.3}{\376\377\0004\000.\0003\000\040\000A\000c\000c\000e\000l\000e\000r\000a\000t\000i\000o\000n\000S\000t\000r\000u\000c\000t\000u\000r\000e\000.\000h}{chapter.4}% 152
\BOOKMARK [1][-]{section.4.4}{\376\377\0004\000.\0004\000\040\000A\000p\000p\000l\000i\000c\000a\000t\000i\000o\000n\000.\000c\000p\000p}{chapter.4}% 153
\BOOKMARK [1][-]{section.4.5}{\376\377\0004\000.\0005\000\040\000A\000p\000p\000l\000i\000c\000a\000t\000i\000o\000n\000.\000h}{chapter.4}% 154
\BOOKMARK [1][-]{section.4.6}{\376\377\0004\000.\0006\000\040\000B\000S\000D\000F\000.\000c\000p\000p}{chapter.4}% 155
\BOOKMARK [1][-]{section.4.7}{\376\377\0004\000.\0007\000\040\000B\000S\000D\000F\000.\000h}{chapter.4}% 156
\BOOKMARK [1][-]{section.4.8}{\376\377\0004\000.\0008\000\040\000B\000V\000H\000N\000o\000d\000e\000.\000h}{chapter.4}% 157
\BOOKMARK [1][-]{section.4.9}{\376\377\0004\000.\0009\000\040\000C\000a\000m\000e\000r\000a\000.\000c\000p\000p}{chapter.4}% 158
\BOOKMARK [1][-]{section.4.10}{\376\377\0004\000.\0001\0000\000\040\000C\000a\000m\000e\000r\000a\000.\000h}{chapter.4}% 159
\BOOKMARK [1][-]{section.4.11}{\376\377\0004\000.\0001\0001\000\040\000E\000n\000t\000r\000y\000p\000o\000i\000n\000t\000.\000c\000p\000p}{chapter.4}% 160
\BOOKMARK [1][-]{section.4.12}{\376\377\0004\000.\0001\0002\000\040\000H\000i\000t\000P\000a\000y\000l\000o\000a\000d\000.\000h}{chapter.4}% 161
\BOOKMARK [1][-]{section.4.13}{\376\377\0004\000.\0001\0003\000\040\000I\000m\000a\000g\000e\000.\000c\000p\000p}{chapter.4}% 162
\BOOKMARK [1][-]{section.4.14}{\376\377\0004\000.\0001\0004\000\040\000I\000m\000a\000g\000e\000.\000h}{chapter.4}% 163
\BOOKMARK [1][-]{section.4.15}{\376\377\0004\000.\0001\0005\000\040\000L\000i\000g\000h\000t\000.\000h}{chapter.4}% 164
\BOOKMARK [1][-]{section.4.16}{\376\377\0004\000.\0001\0006\000\040\000M\000a\000t\000e\000r\000i\000a\000l\000.\000h}{chapter.4}% 165
\BOOKMARK [1][-]{section.4.17}{\376\377\0004\000.\0001\0007\000\040\000R\000a\000y\000.\000h}{chapter.4}% 166
\BOOKMARK [1][-]{section.4.18}{\376\377\0004\000.\0001\0008\000\040\000R\000e\000n\000d\000e\000r\000e\000r\000.\000c\000p\000p}{chapter.4}% 167
\BOOKMARK [1][-]{section.4.19}{\376\377\0004\000.\0001\0009\000\040\000R\000e\000n\000d\000e\000r\000e\000r\000.\000h}{chapter.4}% 168
\BOOKMARK [1][-]{section.4.20}{\376\377\0004\000.\0002\0000\000\040\000S\000c\000e\000n\000e\000.\000h}{chapter.4}% 169
\BOOKMARK [1][-]{section.4.21}{\376\377\0004\000.\0002\0001\000\040\000T\000i\000m\000e\000r\000.\000h}{chapter.4}% 170
\BOOKMARK [1][-]{section.4.22}{\376\377\0004\000.\0002\0002\000\040\000U\000t\000i\000l\000i\000t\000i\000e\000s\000.\000h\000p\000p}{chapter.4}% 171
\BOOKMARK [0][-]{section*.24}{\376\377\000I\000n\000d\000e\000x}{}% 172
